.next/types/app/provisional-sales/page.ts(2,24): error TS2306: File '/run/media/shark/033e2f56-34e7-4428-b4ef-bf76d5c4b6fb/CODE/CeramiSys/client/src/app/provisional-sales/page.tsx' is not a module.
.next/types/app/provisional-sales/page.ts(5,29): error TS2306: File '/run/media/shark/033e2f56-34e7-4428-b4ef-bf76d5c4b6fb/CODE/CeramiSys/client/src/app/provisional-sales/page.tsx' is not a module.
src/app/bad-debts/page.tsx(24,10): error TS2305: Module '"lucide-react"' has no exported member 'Folder'.
src/app/companies/page.tsx(367,41): error TS2552: Cannot find name 'setCurrentFilter'. Did you mean 'currentFilter'?
src/app/complex-inter-company-sales/page.tsx(208,69): error TS18048: 'line.parentUnitPrice' is possibly 'undefined'.
src/app/complex-inter-company-sales/page.tsx(250,48): error TS18048: 'line.parentUnitPrice' is possibly 'undefined'.
src/app/complex-inter-company-sales/page.tsx(643,70): error TS18048: 'line.parentUnitPrice' is possibly 'undefined'.
src/app/complex-inter-company-sales/page.tsx(739,71): error TS18048: 'line.parentUnitPrice' is possibly 'undefined'.
src/app/dashboard/page.tsx(12,3): error TS2724: '"lucide-react"' has no exported member named 'Clock'. Did you mean 'Lock'?
src/app/dashboard/page.tsx(13,3): error TS2305: Module '"lucide-react"' has no exported member 'AlertTriangle'.
src/app/dashboard/page.tsx(16,3): error TS2305: Module '"lucide-react"' has no exported member 'Receipt'.
src/app/dashboard/page.tsx(383,30): error TS2339: Property 'name' does not exist on type 'User'.
src/app/external-store-invoices/page.tsx(11,10): error TS2305: Module '"lucide-react"' has no exported member 'CheckCircle'.
src/app/external-store-invoices/page.tsx(11,23): error TS2305: Module '"lucide-react"' has no exported member 'XCircle'.
src/app/external-store-invoices/page.tsx(11,32): error TS2724: '"lucide-react"' has no exported member named 'Clock'. Did you mean 'Lock'?
src/app/external-stores/[id]/page.tsx(6,107): error TS2305: Module '"lucide-react"' has no exported member 'Check'.
src/app/notifications/page.tsx(6,3): error TS2305: Module '"lucide-react"' has no exported member 'Check'.
src/app/notifications/page.tsx(10,3): error TS2305: Module '"lucide-react"' has no exported member 'CheckCheck'.
src/app/payroll/page.tsx(25,38): error TS2305: Module '"lucide-react"' has no exported member 'Gift'.
src/app/permissions/UserPermissionsManager.tsx(34,31): error TS2554: Expected 1-2 arguments, but got 0.
src/app/permissions/UserPermissionsManager.tsx(144,29): error TS2339: Property 'map' does not exist on type '{ success: boolean; data: Role[]; }'.
src/app/permissions/UserPermissionsManager.tsx(144,33): error TS7006: Parameter 'role' implicitly has an 'any' type.
src/app/permissions/UserPermissionsManager.tsx(211,47): error TS2345: Argument of type 'string | null' is not assignable to parameter of type 'string'.
  Type 'null' is not assignable to type 'string'.
src/app/permissions/UserPermissionsManager.tsx(216,47): error TS2345: Argument of type 'string | null' is not assignable to parameter of type 'string'.
  Type 'null' is not assignable to type 'string'.
src/app/permissions/UserPermissionsManager.tsx(218,52): error TS2345: Argument of type 'string | null' is not assignable to parameter of type 'string'.
  Type 'null' is not assignable to type 'string'.
src/app/permissions/UserPermissionsManager.tsx(278,31): error TS2339: Property 'map' does not exist on type '{ success: boolean; data: Role[]; }'.
src/app/permissions/UserPermissionsManager.tsx(278,35): error TS7006: Parameter 'role' implicitly has an 'any' type.
src/app/product-cost/page.tsx(15,5): error TS2305: Module '"lucide-react"' has no exported member 'ArrowLeft'.
src/app/purchases/page-backup.tsx(185,54): error TS2339: Property 'message' does not exist on type 'FetchBaseQueryError | SerializedError'.
  Property 'message' does not exist on type '{ status: number; data: unknown; }'.
src/app/purchases/page-backup.tsx(206,32): error TS18048: 'companiesData.data.companies.length' is possibly 'undefined'.
src/app/purchases/page-backup.tsx(222,93): error TS2339: Property 'totalPurchases' does not exist on type '{}'.
src/app/purchases/page-backup.tsx(234,96): error TS2339: Property 'totalAmount' does not exist on type '{}'.
src/app/purchases/page-backup.tsx(246,97): error TS2339: Property 'totalPaid' does not exist on type '{}'.
src/app/purchases/page-backup.tsx(258,97): error TS2339: Property 'totalRemaining' does not exist on type '{}'.
src/app/purchases/page-simple.tsx(181,56): error TS2339: Property 'message' does not exist on type 'FetchBaseQueryError | SerializedError'.
  Property 'message' does not exist on type '{ status: number; data: unknown; }'.
src/app/purchases/page-simple.tsx(212,32): error TS18048: 'companiesData.data.companies.length' is possibly 'undefined'.
src/app/purchases/page-simple.tsx(228,93): error TS2339: Property 'totalPurchases' does not exist on type '{}'.
src/app/purchases/page-simple.tsx(240,96): error TS2339: Property 'totalAmount' does not exist on type '{}'.
src/app/purchases/page-simple.tsx(252,97): error TS2339: Property 'totalPaid' does not exist on type '{}'.
src/app/purchases/page-simple.tsx(264,97): error TS2339: Property 'totalRemaining' does not exist on type '{}'.
src/app/purchases/page-simple.tsx(396,65): error TS2339: Property 'message' does not exist on type 'FetchBaseQueryError | SerializedError'.
  Property 'message' does not exist on type '{ status: number; data: unknown; }'.
src/app/purchases/page-simple.tsx(556,8): error TS2552: Cannot find name 'CreateSupplierModal'. Did you mean 'showCreateSupplierModal'?
src/app/purchases/page-simple.tsx(562,8): error TS2304: Cannot find name 'PurchaseDetailsModal'.
src/app/reports/page.tsx(23,3): error TS2724: '"lucide-react"' has no exported member named 'ArrowUpRight'. Did you mean 'ArrowRight'?
src/app/reports/page.tsx(24,3): error TS2305: Module '"lucide-react"' has no exported member 'ArrowDownLeft'.
src/app/reports/page.tsx(25,3): error TS2305: Module '"lucide-react"' has no exported member 'History'.
src/app/return-payments/page.tsx(15,51): error TS2305: Module '"lucide-react"' has no exported member 'CheckCircle'.
src/app/return-payments/page.tsx(15,64): error TS2305: Module '"lucide-react"' has no exported member 'XCircle'.
src/app/return-payments/page.tsx(15,86): error TS2305: Module '"lucide-react"' has no exported member 'Printer'.
src/app/store-portal/dashboard/page.tsx(7,5): error TS2305: Module '"lucide-react"' has no exported member 'CheckCircle2'.
src/app/store-portal/dashboard/page.tsx(8,5): error TS2305: Module '"lucide-react"' has no exported member 'XCircle'.
src/app/store-portal/invoices/page.tsx(19,5): error TS2305: Module '"lucide-react"' has no exported member 'Calculator'.
src/app/store-portal/login/page.tsx(7,35): error TS2305: Module '"lucide-react"' has no exported member 'AlertTriangle'.
src/app/treasury/page.tsx(19,5): error TS2305: Module '"lucide-react"' has no exported member 'Landmark'.
src/app/treasury/page.tsx(21,5): error TS2305: Module '"lucide-react"' has no exported member 'ArrowDownCircle'.
src/app/treasury/page.tsx(22,5): error TS2305: Module '"lucide-react"' has no exported member 'ArrowUpCircle'.
src/app/treasury/page.tsx(23,5): error TS2724: '"lucide-react"' has no exported member named 'ArrowLeftRight'. Did you mean 'ArrowRight'?
src/app/treasury/page.tsx(29,5): error TS2305: Module '"lucide-react"' has no exported member 'ChevronLeft'.
src/app/treasury/page.tsx(30,5): error TS2305: Module '"lucide-react"' has no exported member 'ChevronRight'.
src/app/treasury/page.tsx(36,5): error TS2305: Module '"lucide-react"' has no exported member 'Printer'.
src/app/users/page.tsx(329,63): error TS2339: Property 'name' does not exist on type 'Role'.
src/components/NotificationDropdown.tsx(4,16): error TS2305: Module '"lucide-react"' has no exported member 'Check'.
src/components/NotificationDropdown.tsx(4,39): error TS2305: Module '"lucide-react"' has no exported member 'CheckCheck'.
src/components/PermissionsReport.tsx(23,31): error TS2554: Expected 1-2 arguments, but got 0.
src/components/PermissionsReport.tsx(33,17): error TS2538: Type 'null' cannot be used as an index type.
src/components/PermissionsReport.tsx(33,41): error TS2538: Type 'null' cannot be used as an index type.
src/components/PermissionsReport.tsx(87,98): error TS2345: Argument of type 'string | null' is not assignable to parameter of type 'string'.
  Type 'null' is not assignable to type 'string'.
src/components/purchases/CreatePurchaseModal.tsx(251,40): error TS2339: Property 'products' does not exist on type 'ProductsResponse'.
src/components/purchases/CreatePurchaseModal.tsx(251,55): error TS7006: Parameter 'product' implicitly has an 'any' type.
src/config/permissions.ts(201,3): error TS2322: Type 'readonly ["*"] | readonly ["sales:create", "sales:read", "buys:create", "buys:read", "customers:create", "customers:read", "customers:update", "treasury:read", "currencies:read", "dashboard:view"] | readonly ("sales:create" | ... 42 more ... | "nationalities:list")[] | readonly [...] | readonly [...]' is not assignable to type 'string[]'.
  The type 'readonly ["*"]' is 'readonly' and cannot be assigned to the mutable type 'string[]'.
src/state/rootApi.ts(2,30): error TS2307: Cannot find module './dashboardApi' or its corresponding type declarations.
src/state/rootApi.ts(3,32): error TS2307: Cannot find module './nationalitsApi' or its corresponding type declarations.
src/state/rootApi.ts(4,30): error TS2307: Cannot find module './customersApi' or its corresponding type declarations.
src/state/rootApi.ts(5,31): error TS2307: Cannot find module './currenciesApi' or its corresponding type declarations.
src/state/rootApi.ts(6,25): error TS2307: Cannot find module './buysApi' or its corresponding type declarations.
src/state/rootApi.ts(8,26): error TS2307: Cannot find module './debtsApi' or its corresponding type declarations.
src/state/usersApi.ts(148,21): error TS18048: 'userData.roleId' is possibly 'undefined'.
